<?xml version="1.0" encoding="UTF-8"?>
<!-- Generated by org.testng.reporters.JUnitReportReporter -->
<testsuite hostname="DESKTOP-65LO2HF" failures="0" tests="1" name="demo.Test1" time="0.018" errors="0" timestamp="2023-01-09T15:58:17 IST" skipped="0">
  <testcase classname="demo.Test1" name="m1" time="0.018"/>
  <system-out>
    <![CDATA[Hello]]>
  </system-out>
</testsuite> <!-- demo.Test1 -->
