<?xml version="1.0" encoding="UTF-8"?>
<!-- Generated by org.testng.reporters.JUnitReportReporter -->
<testsuite hostname="DESKTOP-65LO2HF" failures="0" tests="1" name="demo.Test2" time="0.001" errors="0" timestamp="2023-01-09T15:58:17 IST" skipped="0">
  <testcase classname="demo.Test2" name="m2" time="0.001"/>
  <system-out>
    <![CDATA[Hi]]>
  </system-out>
</testsuite> <!-- demo.Test2 -->
